<?xml version="1.0" encoding="UTF-8"?>
<!-- Generated by org.testng.reporters.JUnitReportReporter -->
<testsuite hostname="ARTHI" failures="0" tests="1" name="FactorOfNumber" time="6.088" errors="0" timestamp="2024-01-26T18:34:35 CST" skipped="0">
  <testcase classname="FactorOfNumber" name="main" time="6.088"/>
  <system-out/>
</testsuite> <!-- FactorOfNumber -->
